12/10/2021 20:29:07.125 [main] INFO  br.com.proway.folhapagamento.calculadoras.CalculoImpostoRendaTest.setUpBeforeClass - Iniciando os testes da classe: "br.com.proway.folhapagamento.calculadoras.CalculoImpostoRendaTest"...

12/10/2021 20:29:07.147 [main] INFO  br.com.proway.folhapagamento.calculadoras.CalculoImpostoRendaTest.testeImpostoRenda5 - Inicializando teste...
12/10/2021 20:29:07.158 [main] INFO  br.com.proway.folhapagamento.calculadoras.CalculoImpostoRenda.calcular - Calculando imposto de renda do salário: "R$ 4664.69"...
12/10/2021 20:29:07.158 [main] DEBUG br.com.proway.folhapagamento.calculadoras.CalculoImpostoRenda.calcular - Alíquota "0.275" identificada. Salário igual ou acima de "R$ 4664.69".
12/10/2021 20:29:07.159 [main] INFO  br.com.proway.folhapagamento.calculadoras.CalculoImpostoRenda.calcular - Resultado do imposto de renda: "413.4225000000001".
12/10/2021 20:29:07.161 [main] INFO  br.com.proway.folhapagamento.calculadoras.CalculoImpostoRenda.calcular - Calculando imposto de renda do salário: "R$ 5000.0"...
12/10/2021 20:29:07.161 [main] DEBUG br.com.proway.folhapagamento.calculadoras.CalculoImpostoRenda.calcular - Alíquota "0.275" identificada. Salário igual ou acima de "R$ 4664.69".
12/10/2021 20:29:07.161 [main] INFO  br.com.proway.folhapagamento.calculadoras.CalculoImpostoRenda.calcular - Resultado do imposto de renda: "505.6327500000002".
12/10/2021 20:29:07.162 [main] INFO  br.com.proway.folhapagamento.calculadoras.CalculoImpostoRenda.calcular - Calculando imposto de renda do salário: "R$ 10000.0"...
12/10/2021 20:29:07.162 [main] DEBUG br.com.proway.folhapagamento.calculadoras.CalculoImpostoRenda.calcular - Alíquota "0.275" identificada. Salário igual ou acima de "R$ 4664.69".
12/10/2021 20:29:07.162 [main] INFO  br.com.proway.folhapagamento.calculadoras.CalculoImpostoRenda.calcular - Resultado do imposto de renda: "1880.6327500000004".
12/10/2021 20:29:07.167 [main] INFO  br.com.proway.folhapagamento.calculadoras.CalculoImpostoRendaTest.tearDown - Teste finalizado.

12/10/2021 20:29:07.178 [main] INFO  br.com.proway.folhapagamento.calculadoras.CalculoImpostoRendaTest.testeImpostoRendaFaixa2 - Inicializando teste...
12/10/2021 20:29:07.179 [main] INFO  br.com.proway.folhapagamento.calculadoras.CalculoImpostoRenda.calcular - Calculando imposto de renda do salário: "R$ 1903.99"...
12/10/2021 20:29:07.180 [main] DEBUG br.com.proway.folhapagamento.calculadoras.CalculoImpostoRenda.calcular - Alíquota "0.075" identificada. Salário entre "R$ 1903.99" e "R$ 2826.65".
12/10/2021 20:29:07.181 [main] INFO  br.com.proway.folhapagamento.calculadoras.CalculoImpostoRenda.calcular - Resultado do imposto de renda: "7.499999999993178E-4".
12/10/2021 20:29:07.181 [main] INFO  br.com.proway.folhapagamento.calculadoras.CalculoImpostoRenda.calcular - Calculando imposto de renda do salário: "R$ 2500.0"...
12/10/2021 20:29:07.181 [main] DEBUG br.com.proway.folhapagamento.calculadoras.CalculoImpostoRenda.calcular - Alíquota "0.075" identificada. Salário entre "R$ 1903.99" e "R$ 2826.65".
12/10/2021 20:29:07.182 [main] INFO  br.com.proway.folhapagamento.calculadoras.CalculoImpostoRenda.calcular - Resultado do imposto de renda: "44.701499999999996".
12/10/2021 20:29:07.182 [main] INFO  br.com.proway.folhapagamento.calculadoras.CalculoImpostoRenda.calcular - Calculando imposto de renda do salário: "R$ 2826.65"...
12/10/2021 20:29:07.183 [main] DEBUG br.com.proway.folhapagamento.calculadoras.CalculoImpostoRenda.calcular - Alíquota "0.075" identificada. Salário entre "R$ 1903.99" e "R$ 2826.65".
12/10/2021 20:29:07.183 [main] INFO  br.com.proway.folhapagamento.calculadoras.CalculoImpostoRenda.calcular - Resultado do imposto de renda: "69.20025".
12/10/2021 20:29:07.184 [main] INFO  br.com.proway.folhapagamento.calculadoras.CalculoImpostoRendaTest.tearDown - Teste finalizado.

12/10/2021 20:29:07.187 [main] INFO  br.com.proway.folhapagamento.calculadoras.CalculoImpostoRendaTest.testeImpostoRendaFaixa3 - Inicializando teste...
12/10/2021 20:29:07.188 [main] INFO  br.com.proway.folhapagamento.calculadoras.CalculoImpostoRenda.calcular - Calculando imposto de renda do salário: "R$ 2826.66"...
12/10/2021 20:29:07.189 [main] DEBUG br.com.proway.folhapagamento.calculadoras.CalculoImpostoRenda.calcular - Alíquota "0.15" identificada. Salário entre "R$ 2826.66" e "R$ 3751.05".
12/10/2021 20:29:07.189 [main] INFO  br.com.proway.folhapagamento.calculadoras.CalculoImpostoRenda.calcular - Resultado do imposto de renda: "69.1995".
12/10/2021 20:29:07.189 [main] INFO  br.com.proway.folhapagamento.calculadoras.CalculoImpostoRenda.calcular - Calculando imposto de renda do salário: "R$ 3500.0"...
12/10/2021 20:29:07.190 [main] DEBUG br.com.proway.folhapagamento.calculadoras.CalculoImpostoRenda.calcular - Alíquota "0.15" identificada. Salário entre "R$ 2826.66" e "R$ 3751.05".
12/10/2021 20:29:07.190 [main] INFO  br.com.proway.folhapagamento.calculadoras.CalculoImpostoRenda.calcular - Resultado do imposto de renda: "170.20050000000003".
12/10/2021 20:29:07.190 [main] INFO  br.com.proway.folhapagamento.calculadoras.CalculoImpostoRenda.calcular - Calculando imposto de renda do salário: "R$ 3751.05"...
12/10/2021 20:29:07.190 [main] DEBUG br.com.proway.folhapagamento.calculadoras.CalculoImpostoRenda.calcular - Alíquota "0.15" identificada. Salário entre "R$ 2826.66" e "R$ 3751.05".
12/10/2021 20:29:07.191 [main] INFO  br.com.proway.folhapagamento.calculadoras.CalculoImpostoRenda.calcular - Resultado do imposto de renda: "207.85800000000003".
12/10/2021 20:29:07.191 [main] INFO  br.com.proway.folhapagamento.calculadoras.CalculoImpostoRendaTest.tearDown - Teste finalizado.

12/10/2021 20:29:07.194 [main] INFO  br.com.proway.folhapagamento.calculadoras.CalculoImpostoRendaTest.testeImpostoRendaFaixa4 - Inicializando teste...
12/10/2021 20:29:07.195 [main] INFO  br.com.proway.folhapagamento.calculadoras.CalculoImpostoRenda.calcular - Calculando imposto de renda do salário: "R$ 3751.06"...
12/10/2021 20:29:07.196 [main] DEBUG br.com.proway.folhapagamento.calculadoras.CalculoImpostoRenda.calcular - Alíquota "0.225" identificada. Salário entre "R$ 3751.06" e "R$ 4664.68".
12/10/2021 20:29:07.196 [main] INFO  br.com.proway.folhapagamento.calculadoras.CalculoImpostoRenda.calcular - Resultado do imposto de renda: "207.85800000000003".
12/10/2021 20:29:07.197 [main] INFO  br.com.proway.folhapagamento.calculadoras.CalculoImpostoRenda.calcular - Calculando imposto de renda do salário: "R$ 4000.0"...
12/10/2021 20:29:07.197 [main] DEBUG br.com.proway.folhapagamento.calculadoras.CalculoImpostoRenda.calcular - Alíquota "0.225" identificada. Salário entre "R$ 3751.06" e "R$ 4664.68".
12/10/2021 20:29:07.197 [main] INFO  br.com.proway.folhapagamento.calculadoras.CalculoImpostoRenda.calcular - Resultado do imposto de renda: "263.8695".
12/10/2021 20:29:07.197 [main] INFO  br.com.proway.folhapagamento.calculadoras.CalculoImpostoRenda.calcular - Calculando imposto de renda do salário: "R$ 4664.68"...
12/10/2021 20:29:07.198 [main] DEBUG br.com.proway.folhapagamento.calculadoras.CalculoImpostoRenda.calcular - Alíquota "0.225" identificada. Salário entre "R$ 3751.06" e "R$ 4664.68".
12/10/2021 20:29:07.198 [main] INFO  br.com.proway.folhapagamento.calculadoras.CalculoImpostoRenda.calcular - Resultado do imposto de renda: "413.4225000000001".
12/10/2021 20:29:07.198 [main] INFO  br.com.proway.folhapagamento.calculadoras.CalculoImpostoRendaTest.tearDown - Teste finalizado.

12/10/2021 20:29:07.256 [main] INFO  br.com.proway.folhapagamento.calculadoras.CalculoImpostoRendaTest.testeImpostoRendaDeveSer0 - Inicializando teste...
12/10/2021 20:29:07.257 [main] INFO  br.com.proway.folhapagamento.calculadoras.CalculoImpostoRenda.calcular - Calculando imposto de renda do salário: "R$ -1.0"...
12/10/2021 20:29:07.258 [main] DEBUG br.com.proway.folhapagamento.calculadoras.CalculoImpostoRenda.calcular - Alíquota isenta identificada. Salário igual ou abaixo de "R$ 1903.98".
12/10/2021 20:29:07.258 [main] INFO  br.com.proway.folhapagamento.calculadoras.CalculoImpostoRenda.calcular - Resultado do imposto de renda: "0.0".
12/10/2021 20:29:07.261 [main] INFO  br.com.proway.folhapagamento.calculadoras.CalculoImpostoRendaTest.tearDown - Teste finalizado.

12/10/2021 20:29:07.268 [main] INFO  br.com.proway.folhapagamento.calculadoras.CalculoImpostoRendaTest.testeImpostoRendaDeveSer0 - Inicializando teste...
12/10/2021 20:29:07.268 [main] INFO  br.com.proway.folhapagamento.calculadoras.CalculoImpostoRenda.calcular - Calculando imposto de renda do salário: "R$ 0.0"...
12/10/2021 20:29:07.269 [main] DEBUG br.com.proway.folhapagamento.calculadoras.CalculoImpostoRenda.calcular - Alíquota isenta identificada. Salário igual ou abaixo de "R$ 1903.98".
12/10/2021 20:29:07.269 [main] INFO  br.com.proway.folhapagamento.calculadoras.CalculoImpostoRenda.calcular - Resultado do imposto de renda: "0.0".
12/10/2021 20:29:07.269 [main] INFO  br.com.proway.folhapagamento.calculadoras.CalculoImpostoRendaTest.tearDown - Teste finalizado.

12/10/2021 20:29:07.274 [main] INFO  br.com.proway.folhapagamento.calculadoras.CalculoImpostoRendaTest.testeImpostoRendaDeveSer0 - Inicializando teste...
12/10/2021 20:29:07.274 [main] INFO  br.com.proway.folhapagamento.calculadoras.CalculoImpostoRenda.calcular - Calculando imposto de renda do salário: "R$ 1000.5"...
12/10/2021 20:29:07.274 [main] DEBUG br.com.proway.folhapagamento.calculadoras.CalculoImpostoRenda.calcular - Alíquota isenta identificada. Salário igual ou abaixo de "R$ 1903.98".
12/10/2021 20:29:07.275 [main] INFO  br.com.proway.folhapagamento.calculadoras.CalculoImpostoRenda.calcular - Resultado do imposto de renda: "0.0".
12/10/2021 20:29:07.275 [main] INFO  br.com.proway.folhapagamento.calculadoras.CalculoImpostoRendaTest.tearDown - Teste finalizado.

12/10/2021 20:29:07.278 [main] INFO  br.com.proway.folhapagamento.calculadoras.CalculoImpostoRendaTest.testeImpostoRendaDeveSer0 - Inicializando teste...
12/10/2021 20:29:07.278 [main] INFO  br.com.proway.folhapagamento.calculadoras.CalculoImpostoRenda.calcular - Calculando imposto de renda do salário: "R$ 1903.98"...
12/10/2021 20:29:07.278 [main] DEBUG br.com.proway.folhapagamento.calculadoras.CalculoImpostoRenda.calcular - Alíquota isenta identificada. Salário igual ou abaixo de "R$ 1903.98".
12/10/2021 20:29:07.278 [main] INFO  br.com.proway.folhapagamento.calculadoras.CalculoImpostoRenda.calcular - Resultado do imposto de renda: "0.0".
12/10/2021 20:29:07.279 [main] INFO  br.com.proway.folhapagamento.calculadoras.CalculoImpostoRendaTest.tearDown - Teste finalizado.

12/10/2021 20:29:07.282 [main] INFO  br.com.proway.folhapagamento.calculadoras.CalculoImpostoRendaTest.tearDownAfterClass - Todos os testes da classe: "br.com.proway.folhapagamento.calculadoras.CalculoImpostoRendaTest" foram finalizados.
